<?xml version="1.0" encoding="UTF-8"?>
<testng-results skipped="0" failed="0" ignored="0" total="1" passed="1">
  <reporter-output>
  </reporter-output>
  <suite name="Default suite" duration-ms="123497" started-at="2018-04-05T07:10:21Z" finished-at="2018-04-05T07:12:25Z">
    <groups>
    </groups>
    <test name="Default test" duration-ms="123497" started-at="2018-04-05T07:10:21Z" finished-at="2018-04-05T07:12:25Z">
      <class name="QuickeeAppTest">
        <test-method status="PASS" signature="openapp()[pri:0, instance:QuickeeAppTest@29ca901e]" name="openapp" duration-ms="123414" started-at="2018-04-05T12:40:21Z" finished-at="2018-04-05T12:42:25Z">
          <reporter-output>
          </reporter-output>
        </test-method> <!-- openapp -->
      </class> <!-- QuickeeAppTest -->
    </test> <!-- Default test -->
  </suite> <!-- Default suite -->
</testng-results>
